 
                   ====== ======= ====== ======      ======
                       /     |    |    | |    |      |     
                      /      |    |    | |    |      ======
                     /       |    |    | |====  ----      |
                    /        |    |    | |                |
                   ======    |    ====== |           ======
 
                    s-channel single-top-quark production  
                       Copyright 2001, by Zack Sullivan    
 Version 1.1
 
 Based on: 1. B.W. Harris, E. Laenen, L. Phaf, Z. Sullivan, and S. Weinzierl,
               Phys. Rev. D 66, 054024 (2002) [arXiv:hep-ph/0207055].
           2. Zack Sullivan, Phys. Rev. D 70, 114012 (2004)
               [arXiv:hep-ph/0408049].
 
 Input parameters:
 norder    =  0
 iscale    =  3
 isclf     =  0
 its1      =  5
 pts1      =  10000
 its2      =  5
 pts2      =  12000
 its3      =  6
 pts3      =  100000
 top mass  =   175.
 w mass    =   80.4
 ecm       =   1.96
 icollide  =  2
 iset      =  53
 itop      =  1
 iatop     =  0
 rcone     =   1.
 rsep      =   1.
 cutflag   =  0
 smearing  =  0
 id        =  2
 imin      =  9
 imax      =  9
 afac      =   300.
 pref      = ls_                                     
 No smearing.
  
 sqrt(S) =   1960.
  
 CKM matrix Vij
   0.9751  0.2215  0.0035
   0.2210  0.9743  0.0410
   0.0000  0.0000  1.0000
  
Using CTEQ5, table: cteq5l.tbl    
 alphas(m_z=91.187) =   0.127316785
  
 deltac =   4.26666667E-06
 deltas =   0.00128
  
 RM48 INITIALIZED:        40           0         0
  
 ls_                                     



 INPUT PARAMETERS FOR VEGAS:  NDIM=  4  NCALL=     8192.
                              IT=    0  ITMX=    5
                              MDS=  1   ND=  50
*** NO CUTS ***
   1      0.2863237     0.1215E-02  0.2863237     0.1215E-02  0.000    
   2      0.2854603     0.7839E-03  0.2857152     0.6591E-03 0.3571    
   3      0.2870412     0.6859E-03  0.2863545     0.4749E-03  1.151    
   4      0.2846466     0.7284E-03  0.2858490     0.3979E-03  2.049    
   5      0.2872863     0.7339E-03  0.2861781     0.3498E-03  2.279    



 INPUT PARAMETERS FOR VEGAS:  NDIM=  4  NCALL=    76832.
                              IT=    0  ITMX=   10
                              MDS=  1   ND=  50
   1      0.2864371     0.2354E-03  0.2864371     0.2354E-03  0.000    
   2      0.2861234     0.2394E-03  0.2862831     0.1678E-03 0.8733    
   3      0.2864408     0.2366E-03  0.2863359     0.1369E-03 0.5844    
   4      0.2866755     0.2401E-03  0.2864194     0.1189E-03 0.8930    
   5      0.2858487     0.2365E-03  0.2863046     0.1063E-03  1.829    
   6      0.2864147     0.2346E-03  0.2863233     0.9679E-04  1.499    
   7      0.2865358     0.2395E-03  0.2863532     0.8974E-04  1.362    
   8      0.2865090     0.2399E-03  0.2863723     0.8405E-04  1.220    
   9      0.2861206     0.2398E-03  0.2863449     0.7932E-04  1.190    
  10      0.2864488     0.2363E-03  0.2863554     0.7519E-04  1.077    
   0.286355E+00 0.7519E-04
Cross section:   0.286355E+00  +-  0.7519E-04 pb
