 
                   ====== ======= ====== ======      ======
                       /     |    |    | |    |      |     
                      /      |    |    | |    |      ======
                     /       |    |    | |====  ----      |
                    /        |    |    | |                |
                   ======    |    ====== |           ======
 
                    s-channel single-top-quark production  
                       Copyright 2001, by Zack Sullivan    
 Version 1.1
 
 Based on: 1. B.W. Harris, E. Laenen, L. Phaf, Z. Sullivan, and S. Weinzierl,
               Phys. Rev. D 66, 054024 (2002) [arXiv:hep-ph/0207055].
           2. Zack Sullivan, Phys. Rev. D 70, 114012 (2004)
               [arXiv:hep-ph/0408049].
 
 Input parameters:
 norder    =  0
 iscale    =  3
 isclf     =  0
 its1      =  5
 pts1      =  10000
 its2      =  5
 pts2      =  12000
 its3      =  6
 pts3      =  100000
 top mass  =   175.
 w mass    =   80.4
 ecm       =   1.96
 icollide  =  2
 iset      =  53
 itop      =  1
 iatop     =  0
 rcone     =   1.
 rsep      =   1.
 cutflag   =  3
 smearing  =  0
 id        =  2
 imin      =  9
 imax      =  9
 afac      =   300.
 pref      = ls_                                     
 No smearing.
  
 sqrt(S) =   1960.
  
 CKM matrix Vij
   0.9751  0.2215  0.0035
   0.2210  0.9743  0.0410
   0.0000  0.0000  1.0000
  
Using CTEQ5, table: cteq5l.tbl    
 alphas(m_z=91.187) =   0.127316785
  
 deltac =   4.26666667E-06
 deltas =   0.00128
  
 RM48 INITIALIZED:        40           0         0
  
 ls_                                     



 INPUT PARAMETERS FOR VEGAS:  NDIM=  4  NCALL=     8192.
                              IT=    0  ITMX=    5
                              MDS=  1   ND=  50
  Particle       3       4       5
      Et >    15.0     0.0    15.0
      Et <     0.0     0.0     0.0
     Eta >     0.0     0.0     0.0
     Eta <     2.5     0.0     2.5
     d R >     0.0     0.7     0.7
     d R >     0.0     0.0     0.7
     d R >     0.0     0.0     0.0
** Only 1 jet **
   1      0.2653067     0.1589E-02  0.2653067     0.1589E-02  0.000    
   2      0.2613082     0.9528E-03  0.2623889     0.8201E-03  4.688    
   3      0.2637976     0.9815E-03  0.2629693     0.6293E-03  2.948    
   4      0.2607904     0.9610E-03  0.2623248     0.5267E-03  3.164    
   5      0.2642497     0.9815E-03  0.2627589     0.4640E-03  3.119    



 INPUT PARAMETERS FOR VEGAS:  NDIM=  4  NCALL=    76832.
                              IT=    0  ITMX=   10
                              MDS=  1   ND=  50
   1      0.2627604     0.2985E-03  0.2627604     0.2985E-03  0.000    
   2      0.2627913     0.3021E-03  0.2627757     0.2123E-03 0.5288E-02
   3      0.2627851     0.2995E-03  0.2627788     0.1732E-03 0.2971E-02
   4      0.2627395     0.3005E-03  0.2627690     0.1501E-03 0.6261E-02
   5      0.2624966     0.2998E-03  0.2627145     0.1342E-03 0.1696    
   6      0.2627616     0.3004E-03  0.2627224     0.1225E-03 0.1397    
   7      0.2626383     0.3003E-03  0.2627104     0.1134E-03 0.1276    
   8      0.2625245     0.2989E-03  0.2626870     0.1061E-03 0.1577    
   9      0.2623025     0.3043E-03  0.2626455     0.1002E-03 0.3155    
  10      0.2626975     0.2967E-03  0.2626508     0.9489E-04 0.2835    
   0.262651E+00 0.9489E-04
Cross section:   0.262651E+00  +-  0.9489E-04 pb
