 
                   ====== ======= ====== ======      ======
                       /     |    |    | |    |      |     
                      /      |    |    | |    |      ======
                     /       |    |    | |====  ----      |
                    /        |    |    | |                |
                   ======    |    ====== |           ======
 
                    s-channel single-top-quark production  
                       Copyright 2001, by Zack Sullivan    
 Version 1.1
 
 Based on: 1. B.W. Harris, E. Laenen, L. Phaf, Z. Sullivan, and S. Weinzierl,
               Phys. Rev. D 66, 054024 (2002) [arXiv:hep-ph/0207055].
           2. Zack Sullivan, Phys. Rev. D 70, 114012 (2004)
               [arXiv:hep-ph/0408049].
 
 Input parameters:
 norder    =  2
 iscale    =  3
 isclf     =  0
 its1      =  5
 pts1      =  10000
 its2      =  5
 pts2      =  12000
 its3      =  6
 pts3      =  100000
 top mass  =   175.
 w mass    =   80.4
 ecm       =   1.96
 icollide  =  2
 iset      =  58
 itop      =  1
 iatop     =  0
 rcone     =   1.
 rsep      =   1.
 cutflag   =  1
 smearing  =  0
 id        =  2
 imin      =  9
 imax      =  9
 afac      =   300.
 pref      = s_                                      
 No smearing.
  
 sqrt(S) =   1960.
  
 CKM matrix Vij
   0.9751  0.2215  0.0035
   0.2210  0.9743  0.0410
   0.0000  0.0000  1.0000
  
Using CTEQ5, table: cteq5m1.tbl   
 alphas(m_z=91.187) =   0.117981705
  
 deltac =   4.26666667E-06
 deltas =   0.00128
  
 RM48 INITIALIZED:        40           0         0
  
 s_                                      



 INPUT PARAMETERS FOR VEGAS:  NDIM=  7  NCALL=    98304.
                              IT=    0  ITMX=    6
                              MDS=  1   ND=  50
  Particle       3       4       5
      Et >    15.0     0.0    15.0
      Et <     0.0     0.0     0.0
     Eta >     0.0     0.0     0.0
     Eta <     2.5     0.0     2.5
     d R >     0.0     0.7     0.7
     d R >     0.0     0.0     0.7
     d R >     0.0     0.0     0.0
** See j1 and j2 **
   1      0.8252726E-01 0.1316E-02  0.8252726E-01 0.1316E-02  0.000    
   2      0.8397033E-01 0.4046E-03  0.8384968E-01 0.3840E-03  1.082    
   3      0.8411131E-01 0.3599E-03  0.8399028E-01 0.2621E-03 0.6613    
   4      0.8332308E-01 0.3502E-03  0.8375159E-01 0.2099E-03  1.215    
   5      0.8354755E-01 0.3455E-03  0.8369654E-01 0.1794E-03 0.9751    
   6      0.8388538E-01 0.3517E-03  0.8373581E-01 0.1598E-03 0.8249    



 INPUT PARAMETERS FOR VEGAS:  NDIM=  7  NCALL=   839808.
                              IT=    0  ITMX=   12
                              MDS=  1   ND=  50
   1      0.8355390E-01 0.1132E-03  0.8355390E-01 0.1132E-03  0.000    
   2      0.8359192E-01 0.1134E-03  0.8357288E-01 0.8012E-04 0.5627E-01
   3      0.8383134E-01 0.1127E-03  0.8366000E-01 0.6530E-04  1.778    
   4      0.8374332E-01 0.1135E-03  0.8368076E-01 0.5660E-04  1.320    
   5      0.8377708E-01 0.1129E-03  0.8370014E-01 0.5060E-04  1.135    
   6      0.8390773E-01 0.1127E-03  0.8373512E-01 0.4616E-04  1.474    
   7      0.8375841E-01 0.1123E-03  0.8373849E-01 0.4269E-04  1.234    
   8      0.8368516E-01 0.1127E-03  0.8373181E-01 0.3993E-04  1.086    
   9      0.8399988E-01 0.1144E-03  0.8376108E-01 0.3770E-04  1.565    
  10      0.8377244E-01 0.1121E-03  0.8376223E-01 0.3573E-04  1.392    
  11      0.8365039E-01 0.1131E-03  0.8375211E-01 0.3407E-04  1.342    
  12      0.8371257E-01 0.1140E-03  0.8374887E-01 0.3264E-04  1.230    
  0.1280E-02 0.4267E-05  0.000000E+00 0.0000E+00  0.000000E+00 0.0000E+00  0.837489E-01 0.3264E-04  0.837489E-01 0.3264E-04
Cross section:   0.837489E-01  +-  0.3264E-04 pb
