 
                   ====== ======= ====== ======      ======
                       /     |    |    | |    |      |     
                      /      |    |    | |    |      ======
                     /       |    |    | |====  ----      |
                    /        |    |    | |                |
                   ======    |    ====== |           ======
 
                    s-channel single-top-quark production  
                       Copyright 2001, by Zack Sullivan    
 Version 1.1
 
 Based on: 1. B.W. Harris, E. Laenen, L. Phaf, Z. Sullivan, and S. Weinzierl,
               Phys. Rev. D 66, 054024 (2002) [arXiv:hep-ph/0207055].
           2. Zack Sullivan, Phys. Rev. D 70, 114012 (2004)
               [arXiv:hep-ph/0408049].
 
 Input parameters:
 norder    =  2
 iscale    =  3
 isclf     =  0
 its1      =  5
 pts1      =  10000
 its2      =  5
 pts2      =  12000
 its3      =  6
 pts3      =  100000
 top mass  =   175.
 w mass    =   80.4
 ecm       =   1.96
 icollide  =  2
 iset      =  58
 itop      =  1
 iatop     =  0
 rcone     =   1.
 rsep      =   1.
 cutflag   =  2
 smearing  =  0
 id        =  2
 imin      =  9
 imax      =  9
 afac      =   300.
 pref      = s_                                      
 No smearing.
  
 sqrt(S) =   1960.
  
 CKM matrix Vij
   0.9751  0.2215  0.0035
   0.2210  0.9743  0.0410
   0.0000  0.0000  1.0000
  
Using CTEQ5, table: cteq5m1.tbl   
 alphas(m_z=91.187) =   0.117981705
  
 deltac =   4.26666667E-06
 deltas =   0.00128
  
 RM48 INITIALIZED:        40           0         0
  
 s_                                      



 INPUT PARAMETERS FOR VEGAS:  NDIM=  4  NCALL=     8192.
                              IT=    0  ITMX=    5
                              MDS=  1   ND=  50
  Particle       3       4       5
      Et >    15.0     0.0    15.0
      Et <     0.0     0.0     0.0
     Eta >     0.0     0.0     0.0
     Eta <     2.5     0.0     2.5
     d R >     0.0     0.7     0.7
     d R >     0.0     0.0     0.7
     d R >     0.0     0.0     0.0
** A least 1 jet **
   1      0.2784432     0.1713E-02  0.2784432     0.1713E-02  0.000    
   2      0.2743319     0.1004E-02  0.2754069     0.8693E-03  4.320    
   3      0.2768177     0.1029E-02  0.2759952     0.6641E-03  2.706    
   4      0.2738424     0.1014E-02  0.2753579     0.5558E-03  2.855    
   5      0.2773452     0.1026E-02  0.2758122     0.4887E-03  2.866    



 INPUT PARAMETERS FOR VEGAS:  NDIM=  4  NCALL=    76832.
                              IT=    0  ITMX=   10
                              MDS=  1   ND=  50
   1      0.2756157     0.3152E-03  0.2756157     0.3152E-03  0.000    
   2      0.2754834     0.3167E-03  0.2755499     0.2234E-03 0.8760E-01
   3      0.2757200     0.3157E-03  0.2756067     0.1824E-03 0.1405    
   4      0.2755613     0.3173E-03  0.2755954     0.1581E-03 0.9883E-01
   5      0.2752739     0.3162E-03  0.2755312     0.1414E-03 0.2807    
   6      0.2756715     0.3171E-03  0.2755545     0.1292E-03 0.2572    
   7      0.2754689     0.3178E-03  0.2755424     0.1197E-03 0.2247    
   8      0.2753059     0.3141E-03  0.2755125     0.1118E-03 0.2633    
   9      0.2751536     0.3211E-03  0.2754737     0.1056E-03 0.3695    
  10      0.2755970     0.3129E-03  0.2754864     0.1001E-03 0.3439    



 INPUT PARAMETERS FOR VEGAS:  NDIM=  4  NCALL=     8192.
                              IT=    0  ITMX=    5
                              MDS=  1   ND=  50
   1      -1.429735     0.1024E-01  -1.429735     0.1024E-01  0.000    
   2      -1.422888     0.6232E-02  -1.424751     0.5330E-02 0.3269    
   3      -1.437802     0.6237E-02  -1.430310     0.4049E-02  1.433    
   4      -1.422029     0.6140E-02  -1.427820     0.3381E-02  1.378    
   5      -1.442347     0.6100E-02  -1.431286     0.2956E-02  2.126    



 INPUT PARAMETERS FOR VEGAS:  NDIM=  4  NCALL=   101250.
                              IT=    0  ITMX=   10
                              MDS=  1   ND=  50
   1      -1.429017     0.1645E-02  -1.429017     0.1645E-02  0.000    
   2      -1.427354     0.1658E-02  -1.428193     0.1168E-02 0.5065    
   3      -1.428072     0.1641E-02  -1.428153     0.9515E-03 0.2551    
   4      -1.426042     0.1638E-02  -1.427621     0.8228E-03 0.5832    
   5      -1.428133     0.1648E-02  -1.427724     0.7362E-03 0.4566    
   6      -1.429623     0.1654E-02  -1.428039     0.6725E-03 0.5858    
   7      -1.425021     0.1664E-02  -1.427616     0.6235E-03 0.9582    
   8      -1.427467     0.1662E-02  -1.427598     0.5838E-03 0.8223    
   9      -1.428204     0.1664E-02  -1.427664     0.5509E-03 0.7342    
  10      -1.427078     0.1646E-02  -1.427605     0.5224E-03 0.6653    



 INPUT PARAMETERS FOR VEGAS:  NDIM=  7  NCALL=    98304.
                              IT=    0  ITMX=    6
                              MDS=  1   ND=  50
   1       1.351532     0.6115E-01   1.351532     0.6115E-01  0.000    
   2       1.626229     0.4313E-01   1.555992     0.3421E-01  12.27    
   3       1.549068     0.1916E-01   1.550633     0.1647E-01  6.005    
   4       1.556702     0.1431E-01   1.554174     0.1070E-01  3.972    
   5       1.540176     0.1304E-01   1.548468     0.8256E-02  3.140    
   6       1.556218     0.1263E-01   1.550850     0.6893E-02  2.550    



 INPUT PARAMETERS FOR VEGAS:  NDIM=  7  NCALL=   839808.
                              IT=    0  ITMX=   12
                              MDS=  1   ND=  50
   1       1.563213     0.4232E-02   1.563213     0.4232E-02  0.000    
   2       1.550327     0.4016E-02   1.556486     0.2914E-02  4.879    
   3       1.555581     0.4214E-02   1.556194     0.2397E-02  2.456    
   4       1.558527     0.4195E-02   1.556769     0.2081E-02  1.714    
   5       1.563658     0.4132E-02   1.558173     0.1859E-02  1.841    
   6       1.556291     0.4792E-02   1.557927     0.1733E-02  1.500    
   7       1.546793     0.4071E-02   1.556240     0.1594E-02  2.297    
   8       1.554961     0.4416E-02   1.556093     0.1500E-02  1.980    
   9       1.552092     0.4083E-02   1.555620     0.1408E-02  1.839    
  10       1.550574     0.4168E-02   1.555106     0.1334E-02  1.781    
  11       1.552955     0.4248E-02   1.554913     0.1273E-02  1.627    
  12       1.554410     0.4404E-02   1.554875     0.1222E-02  1.480    
  0.1280E-02 0.4267E-05  0.275486E+00 0.1001E-03 -0.142761E+01 0.5224E-03  0.155487E+01 0.1222E-02  0.402756E+00 0.1333E-02
Cross section:   0.402756E+00  +-  0.1333E-02 pb
