 
                   ====== ======= ====== ======      ======
                       /     |    |    | |    |      |     
                      /      |    |    | |    |      ======
                     /       |    |    | |====  ----      |
                    /        |    |    | |                |
                   ======    |    ====== |           ======
 
                    s-channel single-top-quark production  
                       Copyright 2001, by Zack Sullivan    
 Version 1.1
 
 Based on: 1. B.W. Harris, E. Laenen, L. Phaf, Z. Sullivan, and S. Weinzierl,
               Phys. Rev. D 66, 054024 (2002) [arXiv:hep-ph/0207055].
           2. Zack Sullivan, Phys. Rev. D 70, 114012 (2004)
               [arXiv:hep-ph/0408049].
 
 Input parameters:
 norder    =  2
 iscale    =  3
 isclf     =  0
 its1      =  5
 pts1      =  10000
 its2      =  5
 pts2      =  12000
 its3      =  6
 pts3      =  100000
 top mass  =   175.
 w mass    =   80.4
 ecm       =   1.96
 icollide  =  2
 iset      =  58
 itop      =  1
 iatop     =  0
 rcone     =   1.
 rsep      =   1.
 cutflag   =  0
 smearing  =  0
 id        =  2
 imin      =  9
 imax      =  9
 afac      =   300.
 pref      = s_                                      
 No smearing.
  
 sqrt(S) =   1960.
  
 CKM matrix Vij
   0.9751  0.2215  0.0035
   0.2210  0.9743  0.0410
   0.0000  0.0000  1.0000
  
Using CTEQ5, table: cteq5m1.tbl   
 alphas(m_z=91.187) =   0.117981705
  
 deltac =   4.26666667E-06
 deltas =   0.00128
  
 RM48 INITIALIZED:        40           0         0
  
 s_                                      



 INPUT PARAMETERS FOR VEGAS:  NDIM=  4  NCALL=     8192.
                              IT=    0  ITMX=    5
                              MDS=  1   ND=  50
*** NO CUTS ***
   1      0.3007165     0.1313E-02  0.3007165     0.1313E-02  0.000    
   2      0.2996818     0.8279E-03  0.2999776     0.7009E-03 0.4450    
   3      0.3013249     0.7227E-03  0.3006331     0.5028E-03  1.119    
   4      0.2988480     0.7703E-03  0.3001040     0.4212E-03  1.997    
   5      0.3015403     0.7772E-03  0.3004324     0.3702E-03  2.158    



 INPUT PARAMETERS FOR VEGAS:  NDIM=  4  NCALL=    76832.
                              IT=    0  ITMX=   10
                              MDS=  1   ND=  50
   1      0.3006966     0.2496E-03  0.3006966     0.2496E-03  0.000    
   2      0.3003658     0.2537E-03  0.3005341     0.1779E-03 0.8635    
   3      0.3007103     0.2510E-03  0.3005931     0.1452E-03 0.5955    
   4      0.3009578     0.2546E-03  0.3006827     0.1261E-03 0.9137    
   5      0.3000625     0.2505E-03  0.3005577     0.1126E-03  1.905    
   6      0.3006769     0.2486E-03  0.3005780     0.1026E-03  1.562    
   7      0.3007951     0.2542E-03  0.3006085     0.9515E-04  1.406    
   8      0.3007610     0.2542E-03  0.3006273     0.8911E-04  1.250    
   9      0.3003764     0.2544E-03  0.3005999     0.8410E-04  1.202    
  10      0.3007041     0.2504E-03  0.3006104     0.7972E-04  1.086    



 INPUT PARAMETERS FOR VEGAS:  NDIM=  4  NCALL=     8192.
                              IT=    0  ITMX=    5
                              MDS=  1   ND=  50
   1      -1.538137     0.8868E-02  -1.538137     0.8868E-02  0.000    
   2      -1.545941     0.5477E-02  -1.543802     0.4655E-02 0.5594    
   3      -1.545542     0.5189E-02  -1.544580     0.3464E-02 0.3105    
   4      -1.546184     0.5266E-02  -1.545066     0.2894E-02 0.2284    
   5      -1.548101     0.5353E-02  -1.545755     0.2545E-02 0.2335    



 INPUT PARAMETERS FOR VEGAS:  NDIM=  4  NCALL=   101250.
                              IT=    0  ITMX=   10
                              MDS=  1   ND=  50
   1      -1.549552     0.1527E-02  -1.549552     0.1527E-02  0.000    
   2      -1.548087     0.1528E-02  -1.548821     0.1080E-02 0.4597    
   3      -1.549120     0.1535E-02  -1.548920     0.8832E-03 0.2425    
   4      -1.548200     0.1519E-02  -1.548738     0.7635E-03 0.2176    
   5      -1.550459     0.1544E-02  -1.549077     0.6844E-03 0.4132    
   6      -1.550649     0.1547E-02  -1.549335     0.6259E-03 0.5034    
   7      -1.549636     0.1553E-02  -1.549377     0.5805E-03 0.4249    
   8      -1.551031     0.1526E-02  -1.549587     0.5426E-03 0.5109    
   9      -1.550452     0.1537E-02  -1.549683     0.5117E-03 0.4823    
  10      -1.550071     0.1508E-02  -1.549723     0.4845E-03 0.4353    



 INPUT PARAMETERS FOR VEGAS:  NDIM=  7  NCALL=    98304.
                              IT=    0  ITMX=    6
                              MDS=  1   ND=  50
   1       1.943628     0.2762       1.943628     0.2762      0.000    
   2       1.678876     0.5816E-01   1.693726     0.6112E-01 0.9934    
   3       1.661881     0.2389E-01   1.666796     0.2335E-01 0.6466    
   4       1.698597     0.1781E-01   1.686317     0.1437E-01 0.8260    
   5       1.697458     0.1499E-01   1.691485     0.1046E-01 0.6974    
   6       1.692232     0.1353E-01   1.691755     0.8324E-02 0.5633    



 INPUT PARAMETERS FOR VEGAS:  NDIM=  7  NCALL=   839808.
                              IT=    0  ITMX=   12
                              MDS=  1   ND=  50
   1       1.682147     0.4256E-02   1.682147     0.4256E-02  0.000    
   2       1.684936     0.4378E-02   1.683505     0.3052E-02 0.2087    
   3       1.679754     0.4246E-02   1.682231     0.2478E-02 0.3614    
   4       1.689730     0.4554E-02   1.683956     0.2177E-02 0.9411    
   5       1.684384     0.4433E-02   1.684039     0.1954E-02 0.7077    
   6       1.687600     0.4503E-02   1.684605     0.1793E-02 0.6713    
   7       1.683595     0.4401E-02   1.684462     0.1660E-02 0.5671    
   8       1.684141     0.4327E-02   1.684420     0.1550E-02 0.4868    
   9       1.674301     0.4299E-02   1.683269     0.1458E-02  1.034    
  10       1.679415     0.4538E-02   1.682910     0.1388E-02 0.9917    
  11       1.683186     0.4407E-02   1.682935     0.1324E-02 0.8928    
  12       1.688594     0.4390E-02   1.683409     0.1268E-02 0.9505    
  0.1280E-02 0.4267E-05  0.300610E+00 0.7972E-04 -0.154972E+01 0.4845E-03  0.168341E+01 0.1268E-02  0.434297E+00 0.1359E-02
Cross section:   0.434297E+00  +-  0.1359E-02 pb
