 
                   ====== ======= ====== ======     =======
                       /     |    |    | |    |        |   
                      /      |    |    | |    |        |   
                     /       |    |    | |====  ----   |   
                    /        |    |    | |             |   
                   ======    |    ====== |             |   
 
                    t-channel single-top-quark production  
                       Copyright 2001, by Zack Sullivan    
 Version 1.1
 
 Based on: 1. B.W. Harris, E. Laenen, L. Phaf, Z. Sullivan, and S. Weinzierl,
               Phys. Rev. D 66, 054024 (2002) [arXiv:hep-ph/0207055].
           2. Zack Sullivan, Phys. Rev. D 70, 114012 (2004)
               [arXiv:hep-ph/0408049].
 
 Input parameters:
 norder    =  2
 iscale_fl =  6
 isclf     =  0
 iscaleb_fh=  7
 isclfb    =  0
 irscale_rl=  6
 irsclf    =  0
 irscaleb_rh=  7
 irsclfb   =  0
 its1      =  5
 pts1      =  10000
 its2      =  5
 pts2      =  20000
 its3      =  6
 pts3      =  200000
 top mass  =   175.
 w mass    =   80.4
 ecm       =   1.96
 icollide  =  2
 iset      =  58
 itop      =  1
 iatop     =  0
 rcone     =   1.
 rsep      =   1.
 cutflag   =  1
 smearing  =  0
 id        =  2
 imin      =  6
 imax      =  6
 afac      =   300.
 pref      = t_                                      
 No smearing.
  
 sqrt(S) =   1960.
  
 CKM matrix Vij
   0.9751  0.2215  0.0035
   0.2210  0.9743  0.0410
   0.0000  0.0000  1.0000
  
Using CTEQ5, table: cteq5m1.tbl   
 alphas(m_z=91.187) =   0.117981705
  
 deltac =   5.33333333E-07
 deltas =   0.00016
  
 RM48 INITIALIZED:        40           0         0
  
 t_                                      



 INPUT PARAMETERS FOR VEGAS:  NDIM=  7  NCALL=   156250.
                              IT=    0  ITMX=    6
                              MDS=  1   ND=  50
  Particle       3       4       5
      Et >    15.0     0.0    15.0
      Et <     0.0     0.0     0.0
     Eta >     0.0     0.0     0.0
     Eta <     2.5     0.0     2.5
     d R >     0.0     0.7     0.7
     d R >     0.0     0.0     0.7
     d R >     0.0     0.0     0.0
** See j1 and j2 **
   1      0.8206702     0.1495E-01  0.8206702     0.1495E-01  0.000    
   2      0.8314744     0.5844E-02  0.8300741     0.5417E-02 0.4488    
   3      0.8245313     0.4651E-02  0.8268887     0.3530E-02 0.5259    
   4      0.8335599     0.4713E-02  0.8293164     0.2822E-02 0.7800    
   5      0.8283213     0.4566E-02  0.8290410     0.2401E-02 0.5934    
   6      0.8328274     0.4598E-02  0.8298598     0.2127E-02 0.5811    



 INPUT PARAMETERS FOR VEGAS:  NDIM=  7  NCALL=  1647086.
                              IT=    0  ITMX=   12
                              MDS=  1   ND=  50
   1      0.8340090     0.1365E-02  0.8340090     0.1365E-02  0.000    
   2      0.8385854     0.1382E-02  0.8362807     0.9710E-03  5.553    
   3      0.8363143     0.1381E-02  0.8362918     0.7943E-03  2.776    
   4      0.8364409     0.1379E-02  0.8363290     0.6883E-03  1.854    
   5      0.8342130     0.1362E-02  0.8359004     0.6144E-03  1.871    
   6      0.8334508     0.1365E-02  0.8354899     0.5602E-03  2.031    
   7      0.8374504     0.1383E-02  0.8357673     0.5193E-03  1.980    
   8      0.8360876     0.1397E-02  0.8358062     0.4867E-03  1.704    
   9      0.8331711     0.1362E-02  0.8355095     0.4583E-03  1.905    
  10      0.8349065     0.1376E-02  0.8354494     0.4348E-03  1.713    
  11      0.8356639     0.1377E-02  0.8354688     0.4147E-03  1.544    
  12      0.8362951     0.1369E-02  0.8355384     0.3969E-03  1.433    
  0.1600E-03 0.5333E-06  0.000000E+00 0.0000E+00  0.000000E+00 0.0000E+00  0.835538E+00 0.3969E-03  0.835538E+00 0.3969E-03
Cross section:   0.835538E+00  +-  0.3969E-03 pb
