 
                   ====== ======= ====== ======     =======
                       /     |    |    | |    |        |   
                      /      |    |    | |    |        |   
                     /       |    |    | |====  ----   |   
                    /        |    |    | |             |   
                   ======    |    ====== |             |   
 
                    t-channel single-top-quark production  
                       Copyright 2001, by Zack Sullivan    
 Version 1.1
 
 Based on: 1. B.W. Harris, E. Laenen, L. Phaf, Z. Sullivan, and S. Weinzierl,
               Phys. Rev. D 66, 054024 (2002) [arXiv:hep-ph/0207055].
           2. Zack Sullivan, Phys. Rev. D 70, 114012 (2004)
               [arXiv:hep-ph/0408049].
 
 Input parameters:
 norder    =  2
 iscale_fl =  6
 isclf     =  0
 iscaleb_fh=  7
 isclfb    =  0
 irscale_rl=  6
 irsclf    =  0
 irscaleb_rh=  7
 irsclfb   =  0
 its1      =  5
 pts1      =  10000
 its2      =  5
 pts2      =  20000
 its3      =  6
 pts3      =  200000
 top mass  =   175.
 w mass    =   80.4
 ecm       =   1.96
 icollide  =  2
 iset      =  58
 itop      =  1
 iatop     =  0
 rcone     =   1.
 rsep      =   1.
 cutflag   =  0
 smearing  =  0
 id        =  2
 imin      =  6
 imax      =  6
 afac      =   300.
 pref      = t_                                      
 No smearing.
  
 sqrt(S) =   1960.
  
 CKM matrix Vij
   0.9751  0.2215  0.0035
   0.2210  0.9743  0.0410
   0.0000  0.0000  1.0000
  
Using CTEQ5, table: cteq5m1.tbl   
 alphas(m_z=91.187) =   0.117981705
  
 deltac =   5.33333333E-07
 deltas =   0.00016
  
 RM48 INITIALIZED:        40           0         0
  
 t_                                      



 INPUT PARAMETERS FOR VEGAS:  NDIM=  4  NCALL=     8192.
                              IT=    0  ITMX=    5
                              MDS=  1   ND=  50
*** NO CUTS ***
   1       1.062398     0.1761E-01   1.062398     0.1761E-01  0.000    
   2       1.075623     0.6121E-02   1.074228     0.5754E-02 0.4983    
   3       1.080931     0.4157E-02   1.078665     0.3358E-02 0.6930    
   4       1.082402     0.4008E-02   1.080222     0.2570E-02 0.6312    
   5       1.077755     0.4120E-02   1.079529     0.2180E-02 0.5377    



 INPUT PARAMETERS FOR VEGAS:  NDIM=  4  NCALL=    76832.
                              IT=    0  ITMX=   10
                              MDS=  1   ND=  50
   1       1.080587     0.1158E-02   1.080587     0.1158E-02  0.000    
   2       1.079477     0.1171E-02   1.080039     0.8235E-03 0.4547    
   3       1.081507     0.1172E-02   1.080525     0.6738E-03 0.7531    
   4       1.081569     0.1157E-02   1.080790     0.5823E-03 0.7045    
   5       1.079397     0.1146E-02   1.080505     0.5191E-03 0.8214    
   6       1.082281     0.1133E-02   1.080814     0.4720E-03  1.064    
   7       1.080847     0.1177E-02   1.080818     0.4380E-03 0.8867    
   8       1.081979     0.1171E-02   1.080961     0.4103E-03 0.8831    
   9       1.079861     0.1177E-02   1.080842     0.3874E-03 0.8701    
  10       1.081956     0.1155E-02   1.080955     0.3673E-03 0.8662    



 INPUT PARAMETERS FOR VEGAS:  NDIM=  4  NCALL=    20000.
                              IT=    0  ITMX=    5
                              MDS=  1   ND=  50
   1      -9.334123     0.8274E-01  -9.334123     0.8274E-01  0.000    
   2      -9.194694     0.3011E-01  -9.211444     0.2846E-01  2.536    
   3      -9.253828     0.2621E-01  -9.234355     0.1929E-01  1.869    
   4      -9.220775     0.2631E-01  -9.229635     0.1556E-01  1.306    
   5      -9.219837     0.2736E-01  -9.227253     0.1353E-01  1.005    



 INPUT PARAMETERS FOR VEGAS:  NDIM=  4  NCALL=   167042.
                              IT=    0  ITMX=   10
                              MDS=  1   ND=  50
   1      -9.253583     0.8927E-02  -9.253583     0.8927E-02  0.000    
   2      -9.239775     0.9294E-02  -9.246966     0.6438E-02  1.148    
   3      -9.249448     0.9038E-02  -9.247802     0.5244E-02 0.5989    
   4      -9.237625     0.9009E-02  -9.245231     0.4532E-02 0.7169    
   5      -9.254762     0.8973E-02  -9.247172     0.4045E-02 0.7624    
   6      -9.243585     0.9061E-02  -9.246576     0.3694E-02 0.6361    
   7      -9.243270     0.9044E-02  -9.246103     0.3420E-02 0.5493    
   8      -9.254346     0.8990E-02  -9.247147     0.3196E-02 0.5757    
   9      -9.261618     0.9129E-02  -9.248732     0.3017E-02 0.7841    
  10      -9.253860     0.8924E-02  -9.249258     0.2858E-02 0.7298    



 INPUT PARAMETERS FOR VEGAS:  NDIM=  7  NCALL=   156250.
                              IT=    0  ITMX=    6
                              MDS=  1   ND=  50
   1       8.779067     0.7191       8.779067     0.7191      0.000    
   2       9.741201     0.4445       9.513306     0.3697      1.224    
   3       8.971956     0.1823       9.083626     0.1661      1.495    
   4       8.964914     0.1882       9.032994     0.1251      1.082    
   5       9.352609     0.1872       9.135047     0.1037      1.319    
   6       8.836804     0.1317       9.025975     0.8212E-01  1.680    



 INPUT PARAMETERS FOR VEGAS:  NDIM=  7  NCALL=  1647086.
                              IT=    0  ITMX=   12
                              MDS=  1   ND=  50
   1       9.205617     0.4202E-01   9.205617     0.4202E-01  0.000    
   2       9.145169     0.4106E-01   9.174897     0.2937E-01  1.059    
   3       9.149929     0.4466E-01   9.167388     0.2454E-01 0.6392    
   4       9.128597     0.3889E-01   9.156408     0.2075E-01 0.6633    
   5       9.170000     0.4291E-01   9.158991     0.1868E-01 0.5176    
   6       9.113720     0.4214E-01   9.151617     0.1708E-01 0.6063    
   7       9.140891     0.4125E-01   9.150050     0.1578E-01 0.5150    
   8       9.182602     0.3964E-01   9.154530     0.1466E-01 0.5247    
   9       9.144644     0.3858E-01   9.153285     0.1371E-01 0.4664    
  10       9.205123     0.3986E-01   9.158822     0.1296E-01 0.5836    
  11       9.119727     0.3715E-01   9.154611     0.1224E-01 0.6238    
  12       9.172731     0.3912E-01   9.156232     0.1168E-01 0.5847    
  0.1600E-03 0.5333E-06  0.108095E+01 0.3673E-03 -0.924926E+01 0.2858E-02  0.915623E+01 0.1168E-01  0.987929E+00 0.1203E-01
Cross section:   0.987929E+00  +-  0.1203E-01 pb
