 
                   ====== ======= ====== ======     =======
                       /     |    |    | |    |        |   
                      /      |    |    | |    |        |   
                     /       |    |    | |====  ----   |   
                    /        |    |    | |             |   
                   ======    |    ====== |             |   
 
                    t-channel single-top-quark production  
                       Copyright 2001, by Zack Sullivan    
 Version 1.1
 
 Based on: 1. B.W. Harris, E. Laenen, L. Phaf, Z. Sullivan, and S. Weinzierl,
               Phys. Rev. D 66, 054024 (2002) [arXiv:hep-ph/0207055].
           2. Zack Sullivan, Phys. Rev. D 70, 114012 (2004)
               [arXiv:hep-ph/0408049].
 
 Input parameters:
 norder    =  2
 iscale_fl =  6
 isclf     =  0
 iscaleb_fh=  7
 isclfb    =  0
 irscale_rl=  6
 irsclf    =  0
 irscaleb_rh=  7
 irsclfb   =  0
 its1      =  5
 pts1      =  10000
 its2      =  5
 pts2      =  20000
 its3      =  6
 pts3      =  200000
 top mass  =   175.
 w mass    =   80.4
 ecm       =   1.96
 icollide  =  2
 iset      =  58
 itop      =  1
 iatop     =  0
 rcone     =   1.
 rsep      =   1.
 cutflag   =  3
 smearing  =  0
 id        =  2
 imin      =  6
 imax      =  6
 afac      =   300.
 pref      = t_                                      
 No smearing.
  
 sqrt(S) =   1960.
  
 CKM matrix Vij
   0.9751  0.2215  0.0035
   0.2210  0.9743  0.0410
   0.0000  0.0000  1.0000
  
Using CTEQ5, table: cteq5m1.tbl   
 alphas(m_z=91.187) =   0.117981705
  
 deltac =   5.33333333E-07
 deltas =   0.00016
  
 RM48 INITIALIZED:        40           0         0
  
 t_                                      



 INPUT PARAMETERS FOR VEGAS:  NDIM=  4  NCALL=     8192.
                              IT=    0  ITMX=    5
                              MDS=  1   ND=  50
  Particle       3       4       5
      Et >    15.0     0.0    15.0
      Et <     0.0     0.0     0.0
     Eta >     0.0     0.0     0.0
     Eta <     2.5     0.0     2.5
     d R >     0.0     0.7     0.7
     d R >     0.0     0.0     0.7
     d R >     0.0     0.0     0.0
** Only 1 jet **
   1       1.048427     0.1760E-01   1.048427     0.1760E-01  0.000    
   2       1.054508     0.6059E-02   1.053870     0.5716E-02 0.1063    
   3       1.062813     0.4459E-02   1.059474     0.3505E-02 0.8143    
   4       1.058459     0.4332E-02   1.059071     0.2723E-02 0.5532    
   5       1.057099     0.4460E-02   1.058535     0.2324E-02 0.4504    



 INPUT PARAMETERS FOR VEGAS:  NDIM=  4  NCALL=    76832.
                              IT=    0  ITMX=   10
                              MDS=  1   ND=  50
   1       1.059218     0.1262E-02   1.059218     0.1262E-02  0.000    
   2       1.056713     0.1275E-02   1.057981     0.8970E-03  1.950    
   3       1.059210     0.1270E-02   1.058391     0.7326E-03  1.287    
   4       1.059655     0.1257E-02   1.058712     0.6329E-03  1.109    
   5       1.057090     0.1258E-02   1.058385     0.5654E-03  1.163    
   6       1.059184     0.1233E-02   1.058524     0.5139E-03 0.9998    
   7       1.058069     0.1265E-02   1.058460     0.4762E-03 0.8519    
   8       1.060263     0.1265E-02   1.058684     0.4456E-03 0.9847    
   9       1.057460     0.1272E-02   1.058551     0.4206E-03 0.9649    
  10       1.059909     0.1241E-02   1.058691     0.3983E-03 0.9769    



 INPUT PARAMETERS FOR VEGAS:  NDIM=  4  NCALL=    20000.
                              IT=    0  ITMX=    5
                              MDS=  1   ND=  50
   1      -9.026893     0.7797E-01  -9.026893     0.7797E-01  0.000    
   2      -9.082792     0.3091E-01  -9.075281     0.2867E-01 0.4421    
   3      -9.115742     0.2791E-01  -9.096189     0.1998E-01 0.7323    
   4      -9.140028     0.2801E-01  -9.111112     0.1625E-01  1.031    
   5      -9.153545     0.2788E-01  -9.121984     0.1404E-01  1.207    



 INPUT PARAMETERS FOR VEGAS:  NDIM=  4  NCALL=   167042.
                              IT=    0  ITMX=   10
                              MDS=  1   ND=  50
   1      -9.115315     0.9253E-02  -9.115315     0.9253E-02  0.000    
   2      -9.124720     0.9352E-02  -9.119972     0.6578E-02 0.5111    
   3      -9.111595     0.9262E-02  -9.117167     0.5363E-02 0.5274    
   4      -9.104148     0.9267E-02  -9.113908     0.4642E-02 0.8440    
   5      -9.111469     0.9387E-02  -9.113429     0.4161E-02 0.6466    
   6      -9.107104     0.9286E-02  -9.112373     0.3797E-02 0.5946    
   7      -9.117217     0.9296E-02  -9.113066     0.3515E-02 0.5343    
   8      -9.120959     0.9337E-02  -9.114047     0.3290E-02 0.5474    
   9      -9.110042     0.9336E-02  -9.113605     0.3103E-02 0.4994    
  10      -9.112056     0.9272E-02  -9.113449     0.2942E-02 0.4468    



 INPUT PARAMETERS FOR VEGAS:  NDIM=  7  NCALL=   156250.
                              IT=    0  ITMX=    6
                              MDS=  1   ND=  50
   1       8.494228     0.7884       8.494228     0.7884      0.000    
   2       8.501276     0.3393       8.500176     0.3116     0.6740E-04
   3       8.728288     0.1732       8.676617     0.1496     0.2036    
   4       9.333404     0.2284       8.898071     0.1246      2.199    
   5       9.060881     0.1661       8.959160     0.9915E-01  1.786    
   6       8.985093     0.1310       8.968820     0.7878E-01  1.425    



 INPUT PARAMETERS FOR VEGAS:  NDIM=  7  NCALL=  1647086.
                              IT=    0  ITMX=   12
                              MDS=  1   ND=  50
   1       9.083497     0.3896E-01   9.083497     0.3896E-01  0.000    
   2       9.027524     0.4051E-01   9.056774     0.2808E-01 0.9914    
   3       8.975169     0.3679E-01   9.027075     0.2233E-01  2.045    
   4       9.089124     0.4292E-01   9.040428     0.1981E-01  1.911    
   5       9.001920     0.3675E-01   9.031820     0.1744E-01  1.647    
   6       9.045238     0.4127E-01   9.033858     0.1607E-01  1.335    
   7       8.993823     0.3661E-01   9.027444     0.1471E-01  1.280    
   8       9.004268     0.3696E-01   9.024290     0.1367E-01  1.146    
   9       9.012830     0.3754E-01   9.022952     0.1285E-01  1.014    
  10       9.027136     0.3801E-01   9.023381     0.1217E-01 0.9023    
  11       9.027970     0.3911E-01   9.023786     0.1162E-01 0.8133    
  12       9.038994     0.3681E-01   9.025168     0.1108E-01 0.7533    
  0.1600E-03 0.5333E-06  0.105869E+01 0.3983E-03 -0.911345E+01 0.2942E-02  0.902517E+01 0.1108E-01  0.970409E+00 0.1147E-01
Cross section:   0.970409E+00  +-  0.1147E-01 pb
